Base path: 'C:/Program Files/Unity/Hub/Editor/2019.4.10f1/Editor/Data', plugins path 'C:/Program Files/Unity/Hub/Editor/2019.4.10f1/Editor/Data/PlaybackEngines'
Cmd: initializeCompiler
Cmd: preprocessCompute
  insize=6376 outsize=6378 ok=1
Cmd: preprocessCompute
  insize=5790 outsize=5792 ok=1
Cmd: preprocess
  insize=39423 outsize=613 ok=1
Cmd: preprocess
  insize=68803 outsize=3372 ok=1
Cmd: preprocessCompute
  insize=6376 outsize=6378 ok=1
Cmd: preprocessCompute
  insize=5790 outsize=5792 ok=1
Cmd: preprocess
  insize=39423 outsize=613 ok=1
Cmd: preprocessCompute
  insize=6342 outsize=6344 ok=1
Cmd: preprocessCompute
  insize=5790 outsize=5792 ok=1
Cmd: preprocess
  insize=39423 outsize=613 ok=1
Cmd: preprocessCompute
  insize=6342 outsize=6344 ok=1
Cmd: preprocessCompute
  insize=5790 outsize=5792 ok=1
Cmd: preprocess
  insize=39423 outsize=613 ok=1
Cmd: preprocessCompute
  insize=6342 outsize=6344 ok=1
Cmd: preprocessCompute
  insize=5790 outsize=5792 ok=1
Cmd: preprocess
  insize=39423 outsize=613 ok=1
Cmd: preprocessCompute
  insize=6342 outsize=6344 ok=1
Cmd: preprocessCompute
  insize=5790 outsize=5792 ok=1
Cmd: preprocess
  insize=39423 outsize=613 ok=1
Cmd: preprocessCompute
  insize=6342 outsize=6344 ok=1
Cmd: preprocessCompute
  insize=5790 outsize=5792 ok=1
Cmd: preprocess
  insize=39423 outsize=613 ok=1
Cmd: preprocessCompute
  insize=6342 outsize=6344 ok=1
Cmd: preprocessCompute
  insize=5790 outsize=5792 ok=1
Cmd: preprocess
  insize=39423 outsize=613 ok=1
Cmd: preprocessCompute
  insize=6612 outsize=6614 ok=1
Cmd: compileComputeKernel
  api=4 insize=6614 outsize=2291 ok=1
Cmd: preprocessCompute
  insize=6931 outsize=6933 ok=1
Cmd: compileComputeKernel
  api=4 insize=6933 outsize=2028 ok=1
Cmd: preprocess
  insize=39595 outsize=613 ok=1
Cmd: preprocessCompute
  insize=6429 outsize=6431 ok=1
Cmd: compileComputeKernel
  api=4 insize=6431 outsize=2223 ok=1
Cmd: preprocessCompute
  insize=5790 outsize=5792 ok=1
Cmd: compileComputeKernel
  api=4 insize=5792 outsize=1402 ok=1
Cmd: preprocess
  insize=40434 outsize=613 ok=1
Cmd: preprocessCompute
  insize=6429 outsize=6431 ok=1
Cmd: preprocessCompute
  insize=5790 outsize=5792 ok=1
Cmd: preprocess
  insize=40434 outsize=613 ok=1
Cmd: preprocessCompute
  insize=6429 outsize=6431 ok=1
Cmd: preprocessCompute
  insize=5790 outsize=5792 ok=1
Cmd: preprocess
  insize=40434 outsize=613 ok=1
Cmd: preprocessCompute
  insize=6429 outsize=6431 ok=1
Cmd: preprocessCompute
  insize=5790 outsize=5792 ok=1
Cmd: preprocess
  insize=40434 outsize=613 ok=1
Cmd: preprocessCompute
  insize=6429 outsize=6431 ok=1
Cmd: preprocessCompute
  insize=5790 outsize=5792 ok=1
Cmd: preprocess
  insize=40434 outsize=613 ok=1
Cmd: preprocessCompute
  insize=6429 outsize=6431 ok=1
Cmd: preprocessCompute
  insize=5790 outsize=5792 ok=1
Cmd: preprocess
  insize=40434 outsize=613 ok=1
Cmd: preprocessCompute
  insize=6429 outsize=6431 ok=1
Cmd: preprocessCompute
  insize=5790 outsize=5792 ok=1
Cmd: preprocess
  insize=40434 outsize=613 ok=1
Cmd: preprocessCompute
  insize=6429 outsize=6431 ok=1
Cmd: preprocessCompute
  insize=5790 outsize=5792 ok=1
Cmd: preprocess
  insize=40434 outsize=613 ok=1
Cmd: preprocessCompute
  insize=6429 outsize=6431 ok=1
Cmd: preprocessCompute
  insize=5790 outsize=5792 ok=1
Cmd: preprocess
  insize=40434 outsize=613 ok=1
Cmd: preprocessCompute
  insize=6429 outsize=6431 ok=1
Cmd: preprocessCompute
  insize=5790 outsize=5792 ok=1
Cmd: preprocess
  insize=40434 outsize=613 ok=1
Cmd: preprocessCompute
  insize=6434 outsize=6436 ok=1
Cmd: compileComputeKernel
  api=4 insize=6436 outsize=2223 ok=1
Cmd: preprocessCompute
  insize=5804 outsize=5806 ok=1
Cmd: compileComputeKernel
  api=4 insize=5806 outsize=1402 ok=1
Cmd: preprocess
  insize=40456 outsize=612 ok=1
Cmd: preprocessCompute
  insize=6434 outsize=6436 ok=1
Cmd: preprocessCompute
  insize=5804 outsize=5806 ok=1
Cmd: preprocess
  insize=40456 outsize=612 ok=1
Cmd: compileSnippet
  api=4 type=0 insize=1919 outsize=846 kw= pd=UNITY_ENABLE_REFLECTION_BUFFERS UNITY_USE_DITHER_MASK_FOR_ALPHABLENDED_SHADOWS UNITY_PBS_USE_BRDF1 UNITY_SPECCUBE_BOX_PROJECTION UNITY_SPECCUBE_BLENDING UNITY_ENABLE_DETAIL_NORMALMAP SHADER_API_DESKTOP UNITY_LIGHT_PROBE_PROXY_VOLUME UNITY_LIGHTMAP_RGBM_ENCODING ok=1
Cmd: compileSnippet
  api=4 type=1 insize=1919 outsize=646 kw= pd=UNITY_ENABLE_REFLECTION_BUFFERS UNITY_USE_DITHER_MASK_FOR_ALPHABLENDED_SHADOWS UNITY_PBS_USE_BRDF1 UNITY_SPECCUBE_BOX_PROJECTION UNITY_SPECCUBE_BLENDING UNITY_ENABLE_DETAIL_NORMALMAP SHADER_API_DESKTOP UNITY_LIGHT_PROBE_PROXY_VOLUME UNITY_LIGHTMAP_RGBM_ENCODING ok=1
Cmd: compileSnippet
  api=4 type=0 insize=1915 outsize=846 kw= pd=UNITY_ENABLE_REFLECTION_BUFFERS UNITY_USE_DITHER_MASK_FOR_ALPHABLENDED_SHADOWS UNITY_PBS_USE_BRDF1 UNITY_SPECCUBE_BOX_PROJECTION UNITY_SPECCUBE_BLENDING UNITY_ENABLE_DETAIL_NORMALMAP SHADER_API_DESKTOP UNITY_LIGHT_PROBE_PROXY_VOLUME UNITY_LIGHTMAP_RGBM_ENCODING ok=1
Cmd: compileSnippet
  api=4 type=1 insize=1915 outsize=646 kw= pd=UNITY_ENABLE_REFLECTION_BUFFERS UNITY_USE_DITHER_MASK_FOR_ALPHABLENDED_SHADOWS UNITY_PBS_USE_BRDF1 UNITY_SPECCUBE_BOX_PROJECTION UNITY_SPECCUBE_BLENDING UNITY_ENABLE_DETAIL_NORMALMAP SHADER_API_DESKTOP UNITY_LIGHT_PROBE_PROXY_VOLUME UNITY_LIGHTMAP_RGBM_ENCODING ok=1
Cmd: compileSnippet
  api=4 type=0 insize=1915 outsize=846 kw= pd=UNITY_ENABLE_REFLECTION_BUFFERS UNITY_USE_DITHER_MASK_FOR_ALPHABLENDED_SHADOWS UNITY_PBS_USE_BRDF1 UNITY_SPECCUBE_BOX_PROJECTION UNITY_SPECCUBE_BLENDING UNITY_ENABLE_DETAIL_NORMALMAP SHADER_API_DESKTOP UNITY_LIGHT_PROBE_PROXY_VOLUME UNITY_LIGHTMAP_RGBM_ENCODING ok=1
Cmd: compileSnippet
  api=4 type=1 insize=1915 outsize=646 kw= pd=UNITY_ENABLE_REFLECTION_BUFFERS UNITY_USE_DITHER_MASK_FOR_ALPHABLENDED_SHADOWS UNITY_PBS_USE_BRDF1 UNITY_SPECCUBE_BOX_PROJECTION UNITY_SPECCUBE_BLENDING UNITY_ENABLE_DETAIL_NORMALMAP SHADER_API_DESKTOP UNITY_LIGHT_PROBE_PROXY_VOLUME UNITY_LIGHTMAP_RGBM_ENCODING ok=1
Cmd: compileSnippet
  api=4 type=0 insize=1919 outsize=846 kw= pd=UNITY_ENABLE_REFLECTION_BUFFERS UNITY_USE_DITHER_MASK_FOR_ALPHABLENDED_SHADOWS UNITY_PBS_USE_BRDF1 UNITY_SPECCUBE_BOX_PROJECTION UNITY_SPECCUBE_BLENDING UNITY_ENABLE_DETAIL_NORMALMAP SHADER_API_DESKTOP UNITY_LIGHT_PROBE_PROXY_VOLUME UNITY_LIGHTMAP_RGBM_ENCODING ok=1
Cmd: compileSnippet
  api=4 type=1 insize=1919 outsize=646 kw= pd=UNITY_ENABLE_REFLECTION_BUFFERS UNITY_USE_DITHER_MASK_FOR_ALPHABLENDED_SHADOWS UNITY_PBS_USE_BRDF1 UNITY_SPECCUBE_BOX_PROJECTION UNITY_SPECCUBE_BLENDING UNITY_ENABLE_DETAIL_NORMALMAP SHADER_API_DESKTOP UNITY_LIGHT_PROBE_PROXY_VOLUME UNITY_LIGHTMAP_RGBM_ENCODING ok=1
Cmd: compileSnippet
  api=4 type=0 insize=1909 outsize=846 kw= pd=UNITY_ENABLE_REFLECTION_BUFFERS UNITY_USE_DITHER_MASK_FOR_ALPHABLENDED_SHADOWS UNITY_PBS_USE_BRDF1 UNITY_SPECCUBE_BOX_PROJECTION UNITY_SPECCUBE_BLENDING UNITY_ENABLE_DETAIL_NORMALMAP SHADER_API_DESKTOP UNITY_LIGHT_PROBE_PROXY_VOLUME UNITY_LIGHTMAP_RGBM_ENCODING ok=1
Cmd: compileSnippet
  api=4 type=1 insize=1909 outsize=646 kw= pd=UNITY_ENABLE_REFLECTION_BUFFERS UNITY_USE_DITHER_MASK_FOR_ALPHABLENDED_SHADOWS UNITY_PBS_USE_BRDF1 UNITY_SPECCUBE_BOX_PROJECTION UNITY_SPECCUBE_BLENDING UNITY_ENABLE_DETAIL_NORMALMAP SHADER_API_DESKTOP UNITY_LIGHT_PROBE_PROXY_VOLUME UNITY_LIGHTMAP_RGBM_ENCODING ok=1
Cmd: compileSnippet
  api=4 type=0 insize=1917 outsize=846 kw= pd=UNITY_ENABLE_REFLECTION_BUFFERS UNITY_USE_DITHER_MASK_FOR_ALPHABLENDED_SHADOWS UNITY_PBS_USE_BRDF1 UNITY_SPECCUBE_BOX_PROJECTION UNITY_SPECCUBE_BLENDING UNITY_ENABLE_DETAIL_NORMALMAP SHADER_API_DESKTOP UNITY_LIGHT_PROBE_PROXY_VOLUME UNITY_LIGHTMAP_RGBM_ENCODING ok=1
Cmd: compileSnippet
  api=4 type=1 insize=1917 outsize=646 kw= pd=UNITY_ENABLE_REFLECTION_BUFFERS UNITY_USE_DITHER_MASK_FOR_ALPHABLENDED_SHADOWS UNITY_PBS_USE_BRDF1 UNITY_SPECCUBE_BOX_PROJECTION UNITY_SPECCUBE_BLENDING UNITY_ENABLE_DETAIL_NORMALMAP SHADER_API_DESKTOP UNITY_LIGHT_PROBE_PROXY_VOLUME UNITY_LIGHTMAP_RGBM_ENCODING ok=1
Cmd: preprocessCompute
  insize=6523 outsize=6525 ok=1
Cmd: compileComputeKernel
  api=4 insize=6525 outsize=2189 ok=1
Cmd: preprocessCompute
  insize=5804 outsize=5806 ok=1
Cmd: preprocess
  insize=40456 outsize=612 ok=1
Cmd: preprocessCompute
  insize=6523 outsize=6525 ok=1
Cmd: preprocessCompute
  insize=5804 outsize=5806 ok=1
Cmd: preprocess
  insize=40456 outsize=612 ok=1
